<?xml version="1.0" encoding="UTF-8"?>
<coverage generated="1692888794413" clover="3.2.0">
  <project timestamp="1692888794413" name="All files">
    <metrics statements="13" coveredstatements="13" conditionals="5" coveredconditionals="4" methods="2" coveredmethods="2" elements="20" coveredelements="19" complexity="0" loc="13" ncloc="13" packages="1" files="1" classes="1"/>
    <file name="convertRgbToHex.ts" path="/Users/andrewnguyen/Downloads/job-test/bees-test/test-1/convertRgbToHex.ts">
      <metrics statements="13" coveredstatements="13" conditionals="5" coveredconditionals="4" methods="2" coveredmethods="2"/>
      <line num="1" count="1" type="cond" truecount="1" falsecount="0"/>
      <line num="2" count="11" type="cond" truecount="0" falsecount="1"/>
      <line num="3" count="11" type="stmt"/>
      <line num="4" count="11" type="cond" truecount="2" falsecount="0"/>
      <line num="5" count="7" type="stmt"/>
      <line num="6" count="7" type="stmt"/>
      <line num="7" count="1" type="stmt"/>
      <line num="8" count="1" type="cond" truecount="1" falsecount="0"/>
      <line num="9" count="3" type="stmt"/>
      <line num="10" count="3" type="stmt"/>
      <line num="11" count="3" type="stmt"/>
      <line num="12" count="1" type="stmt"/>
      <line num="13" count="1" type="stmt"/>
    </file>
  </project>
</coverage>
