{"/Users/andrewnguyen/Downloads/job-test/bees-test/test-1/convertRgbToHex.ts": {"path":"/Users/andrewnguyen/Downloads/job-test/bees-test/test-1/convertRgbToHex.ts","all":false,"statementMap":{"0":{"start":{"line":1,"column":0},"end":{"line":1,"column":50}},"1":{"start":{"line":2,"column":0},"end":{"line":2,"column":59}},"2":{"start":{"line":3,"column":0},"end":{"line":3,"column":39}},"3":{"start":{"line":4,"column":0},"end":{"line":4,"column":41}},"4":{"start":{"line":5,"column":0},"end":{"line":5,"column":13}},"5":{"start":{"line":6,"column":0},"end":{"line":6,"column":1}},"6":{"start":{"line":7,"column":0},"end":{"line":7,"column":0}},"7":{"start":{"line":8,"column":0},"end":{"line":8,"column":74}},"8":{"start":{"line":9,"column":0},"end":{"line":9,"column":19}},"9":{"start":{"line":10,"column":0},"end":{"line":10,"column":87}},"10":{"start":{"line":11,"column":0},"end":{"line":11,"column":1}},"11":{"start":{"line":12,"column":0},"end":{"line":12,"column":0}},"12":{"start":{"line":13,"column":0},"end":{"line":13,"column":41}}},"s":{"0":1,"1":11,"2":11,"3":11,"4":7,"5":7,"6":1,"7":1,"8":3,"9":3,"10":3,"11":1,"12":1},"branchMap":{"0":{"type":"branch","line":1,"loc":{"start":{"line":1,"column":7},"end":{"line":6,"column":1}},"locations":[{"start":{"line":1,"column":7},"end":{"line":6,"column":1}}]},"1":{"type":"branch","line":2,"loc":{"start":{"line":2,"column":28},"end":{"line":2,"column":59}},"locations":[{"start":{"line":2,"column":28},"end":{"line":2,"column":59}}]},"2":{"type":"branch","line":4,"loc":{"start":{"line":4,"column":24},"end":{"line":4,"column":41}},"locations":[{"start":{"line":4,"column":24},"end":{"line":4,"column":41}}]},"3":{"type":"branch","line":4,"loc":{"start":{"line":4,"column":38},"end":{"line":6,"column":1}},"locations":[{"start":{"line":4,"column":38},"end":{"line":6,"column":1}}]},"4":{"type":"branch","line":8,"loc":{"start":{"line":8,"column":7},"end":{"line":11,"column":1}},"locations":[{"start":{"line":8,"column":7},"end":{"line":11,"column":1}}]}},"b":{"0":[11],"1":[0],"2":[4],"3":[7],"4":[3]},"fnMap":{"0":{"name":"convertDecimalToHex","decl":{"start":{"line":1,"column":7},"end":{"line":6,"column":1}},"loc":{"start":{"line":1,"column":7},"end":{"line":6,"column":1}},"line":1},"1":{"name":"convertRgbToHex","decl":{"start":{"line":8,"column":7},"end":{"line":11,"column":1}},"loc":{"start":{"line":8,"column":7},"end":{"line":11,"column":1}},"line":8}},"f":{"0":11,"1":3}}
}
